-Xajruntimetarget:1.5
-Xlint:ignore
-1.8
-encoding
UTF-8
-showWeaveInfo
-source
1.8
-target
1.8
-verbose
-classpath
/home/alex/.m2/repository/org/aspectj/aspectjrt/1.8.9/aspectjrt-1.8.9.jar:/home/alex/.m2/repository/org/aspectj/aspectjweaver/1.8.9/aspectjweaver-1.8.9.jar:/home/alex/Documentos/IISS/iiss-2023/temas/aspectos/Java/aspectos/target/classes
-d
/home/alex/Documentos/IISS/iiss-2023/temas/aspectos/Java/aspectos/target/classes
-s
/home/alex/Documentos/IISS/iiss-2023/temas/aspectos/Java/aspectos/target/generated-sources/aspectj-maven-plugin
/home/alex/Documentos/IISS/iiss-2023/temas/aspectos/Java/aspectos/src/main/java/es/uca/iiss/aspectos/TrackLimitsSensor.aj
/home/alex/Documentos/IISS/iiss-2023/temas/aspectos/Java/aspectos/src/main/java/es/uca/iiss/aspectos/Turn.java
/home/alex/Documentos/IISS/iiss-2023/temas/aspectos/Java/aspectos/src/main/java/es/uca/iiss/aspectos/Fia.java
/home/alex/Documentos/IISS/iiss-2023/temas/aspectos/Java/aspectos/src/main/java/es/uca/iiss/aspectos/F1Car.java
/home/alex/Documentos/IISS/iiss-2023/temas/aspectos/Java/aspectos/src/main/java/es/uca/iiss/aspectos/Main.java
